Build started 17.05.2014 16:13:35.
     1>Project "C:\Users\user\documents\visual studio 2010\Projects\dijkstra3\dijkstra4\dijkstra4.vcxproj" on node 2 (build target(s)).
     1>InitializeBuildStatus:
         Creating "Debug\dijkstra4.unsuccessfulbuild" because "AlwaysCreate" was specified.
       ClCompile:
         All outputs are up-to-date.
         C:\Program Files\Microsoft Visual Studio 10.0\VC\bin\CL.exe /c /ZI /nologo /W3 /WX- /Od /Oy- /D WIN32 /D _DEBUG /D _CONSOLE /D _UNICODE /D UNICODE /Gm /EHsc /RTC1 /MDd /GS /fp:precise /Zc:wchar_t /Zc:forScope /Yu"StdAfx.h" /Fp"Debug\dijkstra4.pch" /Fo"Debug\\" /Fd"Debug\vc100.pdb" /Gd /TP /analyze- /errorReport:prompt dijkstra4.cpp
         dijkstra4.cpp
       ManifestResourceCompile:
         All outputs are up-to-date.
       Link:
         C:\Program Files\Microsoft Visual Studio 10.0\VC\bin\link.exe /ERRORREPORT:PROMPT /OUT:"C:\Users\user\documents\visual studio 2010\Projects\dijkstra3\Debug\dijkstra4.exe" /INCREMENTAL /NOLOGO kernel32.lib user32.lib gdi32.lib winspool.lib comdlg32.lib advapi32.lib shell32.lib ole32.lib oleaut32.lib uuid.lib odbc32.lib odbccp32.lib /MANIFEST /ManifestFile:"Debug\dijkstra4.exe.intermediate.manifest" /MANIFESTUAC:"level='asInvoker' uiAccess='false'" /DEBUG /PDB:"C:\Users\user\documents\visual studio 2010\Projects\dijkstra3\Debug\dijkstra4.pdb" /SUBSYSTEM:CONSOLE /TLBID:1 /DYNAMICBASE /NXCOMPAT /IMPLIB:"C:\Users\user\documents\visual studio 2010\Projects\dijkstra3\Debug\dijkstra4.lib" /MACHINE:X86 Debug\dijkstra4.exe.embed.manifest.res
         Debug\dijkstra4.obj
         Debug\stdafx.obj
       Manifest:
         C:\Program Files\Microsoft SDKs\Windows\v7.0A\bin\mt.exe /nologo /verbose /out:"Debug\dijkstra4.exe.embed.manifest" /manifest Debug\dijkstra4.exe.intermediate.manifest
         All outputs are up-to-date.
       LinkEmbedManifest:
         All outputs are up-to-date.
         dijkstra4.vcxproj -> C:\Users\user\documents\visual studio 2010\Projects\dijkstra3\Debug\dijkstra4.exe
       FinalizeBuildStatus:
         Deleting file "Debug\dijkstra4.unsuccessfulbuild".
         Touching "Debug\dijkstra4.lastbuildstate".
     1>Done Building Project "C:\Users\user\documents\visual studio 2010\Projects\dijkstra3\dijkstra4\dijkstra4.vcxproj" (build target(s)).

Build succeeded.

Time Elapsed 00:00:01.81
