Build started 14.03.2014 22:55:48.
     1>Project "C:\Users\user\documents\visual studio 2010\Projects\doxygen\doxygen\doxygen.vcxproj" on node 3 (build target(s)).
     1>InitializeBuildStatus:
         Creating "Debug\doxygen.unsuccessfulbuild" because "AlwaysCreate" was specified.
       ClCompile:
         All outputs are up-to-date.
         c:\Program Files\Microsoft Visual Studio 10.0\VC\bin\CL.exe /c /ZI /nologo /W3 /WX- /Od /Oy- /D WIN32 /D _DEBUG /D _CONSOLE /D _UNICODE /D UNICODE /Gm /EHsc /RTC1 /MDd /GS /fp:precise /Zc:wchar_t /Zc:forScope /Yu"StdAfx.h" /Fp"Debug\doxygen.pch" /Fo"Debug\\" /Fd"Debug\vc100.pdb" /Gd /TP /analyze- /errorReport:prompt bubble.cpp
         bubble.cpp
       Link:
         c:\Program Files\Microsoft Visual Studio 10.0\VC\bin\link.exe /ERRORREPORT:PROMPT /OUT:"C:\Users\user\documents\visual studio 2010\Projects\doxygen\Debug\doxygen.exe" /INCREMENTAL:NO /NOLOGO kernel32.lib user32.lib gdi32.lib winspool.lib comdlg32.lib advapi32.lib shell32.lib ole32.lib oleaut32.lib uuid.lib odbc32.lib odbccp32.lib /MANIFEST /ManifestFile:"Debug\doxygen.exe.intermediate.manifest" /MANIFESTUAC:"level='asInvoker' uiAccess='false'" /DEBUG /PDB:"C:\Users\user\documents\visual studio 2010\Projects\doxygen\Debug\doxygen.pdb" /SUBSYSTEM:CONSOLE /TLBID:1 /DYNAMICBASE /NXCOMPAT /IMPLIB:"C:\Users\user\documents\visual studio 2010\Projects\doxygen\Debug\doxygen.lib" /MACHINE:X86 Debug\bubble.obj
         Debug\stdafx.obj
     1>bubble.obj : warning LNK4075: ignoring '/EDITANDCONTINUE' due to '/INCREMENTAL:NO' specification
         doxygen.vcxproj -> C:\Users\user\documents\visual studio 2010\Projects\doxygen\Debug\doxygen.exe
       Manifest:
         C:\Program Files\Microsoft SDKs\Windows\v7.0A\bin\mt.exe /nologo /verbose /outputresource:"C:\Users\user\documents\visual studio 2010\Projects\doxygen\Debug\doxygen.exe;#1" /manifest Debug\doxygen.exe.intermediate.manifest
       FinalizeBuildStatus:
         Deleting file "Debug\doxygen.unsuccessfulbuild".
         Touching "Debug\doxygen.lastbuildstate".
     1>Done Building Project "C:\Users\user\documents\visual studio 2010\Projects\doxygen\doxygen\doxygen.vcxproj" (build target(s)).

Build succeeded.

Time Elapsed 00:00:32.97
