Build started 14.03.2014 22:55:48.
     1>Project "C:\Users\user\documents\visual studio 2010\Projects\doxygen\insertion\insertion.vcxproj" on node 2 (build target(s)).
     1>InitializeBuildStatus:
         Touching "Debug\insertion.unsuccessfulbuild".
       ClCompile:
         All outputs are up-to-date.
         c:\Program Files\Microsoft Visual Studio 10.0\VC\bin\CL.exe /c /ZI /nologo /W3 /WX- /Od /Oy- /D WIN32 /D _DEBUG /D _CONSOLE /D _UNICODE /D UNICODE /Gm /EHsc /RTC1 /MDd /GS /fp:precise /Zc:wchar_t /Zc:forScope /Yu"StdAfx.h" /Fp"Debug\insertion.pch" /Fo"Debug\\" /Fd"Debug\vc100.pdb" /Gd /TP /analyze- /errorReport:prompt insertion.cpp
         insertion.cpp
       Link:
         c:\Program Files\Microsoft Visual Studio 10.0\VC\bin\link.exe /ERRORREPORT:PROMPT /OUT:"C:\Users\user\documents\visual studio 2010\Projects\doxygen\Debug\insertion.exe" /INCREMENTAL:NO /NOLOGO kernel32.lib user32.lib gdi32.lib winspool.lib comdlg32.lib advapi32.lib shell32.lib ole32.lib oleaut32.lib uuid.lib odbc32.lib odbccp32.lib /MANIFEST /ManifestFile:"Debug\insertion.exe.intermediate.manifest" /MANIFESTUAC:"level='asInvoker' uiAccess='false'" /DEBUG /PDB:"C:\Users\user\documents\visual studio 2010\Projects\doxygen\Debug\insertion.pdb" /SUBSYSTEM:CONSOLE /TLBID:1 /DYNAMICBASE /NXCOMPAT /IMPLIB:"C:\Users\user\documents\visual studio 2010\Projects\doxygen\Debug\insertion.lib" /MACHINE:X86 Debug\insertion.obj
         Debug\stdafx.obj
     1>insertion.obj : warning LNK4075: ignoring '/EDITANDCONTINUE' due to '/INCREMENTAL:NO' specification
         insertion.vcxproj -> C:\Users\user\documents\visual studio 2010\Projects\doxygen\Debug\insertion.exe
       Manifest:
         C:\Program Files\Microsoft SDKs\Windows\v7.0A\bin\mt.exe /nologo /verbose /outputresource:"C:\Users\user\documents\visual studio 2010\Projects\doxygen\Debug\insertion.exe;#1" /manifest Debug\insertion.exe.intermediate.manifest
       FinalizeBuildStatus:
         Deleting file "Debug\insertion.unsuccessfulbuild".
         Touching "Debug\insertion.lastbuildstate".
     1>Done Building Project "C:\Users\user\documents\visual studio 2010\Projects\doxygen\insertion\insertion.vcxproj" (build target(s)).

Build succeeded.

Time Elapsed 00:00:33.04
